[2024-03-15 08:00:12] INFO: System startup initiated
[2024-03-15 08:00:13] INFO: Loading configuration files
[2024-03-15 08:00:14] WARNING: Configuration file 'config.backup' not found
[2024-03-15 08:00:15] INFO: Using default configuration
[2024-03-15 08:01:20] ERROR: Failed to connect to database
[2024-03-15 08:01:25] INFO: Retrying database connection
[2024-03-15 08:01:30] ERROR: Database connection timeout
[2024-03-15 08:02:00] INFO: Switching to backup database
[2024-03-15 08:02:05] SUCCESS: Connected to backup database
[2024-03-15 08:15:00] INFO: Processing daily backup
[2024-03-15 08:15:10] ERROR: Insufficient disk space for backup
[2024-03-15 08:15:15] INFO: Cleaning old backup files
[2024-03-15 08:15:20] INFO: Retry backup process
[2024-03-15 08:15:25] SUCCESS: Backup completed
[2024-03-15 09:00:00] INFO: Starting scheduled maintenance
[2024-03-15 09:00:05] WARNING: High memory usage detected
[2024-03-15 09:00:10] INFO: Optimizing memory allocation
[2024-03-15 09:00:15] ERROR: Memory optimization failed
[2024-03-15 09:00:20] INFO: System restart required
[2024-03-15 09:00:25] INFO: Initiating system restart
